#
# There is insufficient memory for the Java Runtime Environment to continue.
# Native memory allocation (mmap) failed to map 268435456 bytes for Failed to commit area from 0x0000000701200000 to 0x0000000711200000 of length 268435456.
# Possible reasons:
#   The system is out of physical RAM or swap space
#   The process is running with CompressedOops enabled, and the Java Heap may be blocking the growth of the native heap
# Possible solutions:
#   Reduce memory load on the system
#   Increase physical memory or swap space
#   Check if swap backing store is full
#   Decrease Java heap size (-Xmx/-Xms)
#   Decrease number of Java threads
#   Decrease Java thread stack sizes (-Xss)
#   Set larger code cache with -XX:ReservedCodeCacheSize=
# This output file may be truncated or incomplete.
#
#  Out of Memory Error (c:/BuildAgent/work/5ff2f6c26000d570/src/hotspot/os/windows/os_windows.cpp:3281), pid=16020, tid=3004
#
# JRE version:  (11.0.4+10) (build )
# Java VM: OpenJDK 64-Bit Server VM (11.0.4+10-b304.69, mixed mode, aot, sharing, tiered, compressed oops, g1 gc, windows-amd64)
# No core dump will be written. Minidumps are not enabled by default on client versions of Windows
#

---------------  S U M M A R Y ------------

Command Line: org.jetbrains.git4idea.http.GitAskPassApp Username for 'https://gitee.com': 

Host: Intel(R) Xeon(R) CPU E5-2630 0 @ 2.30GHz, 12 cores, 15G,  Windows 10 , 64 bit Build 18362 (10.0.18362.778)
Time: Sat Apr 25 17:17:44 2020 ?D1¨²¡À¨º¡Á?¨º¡À?? elapsed time: 0 seconds (0d 0h 0m 0s)

---------------  T H R E A D  ---------------

Current thread (0x0000019b7b5b6000):  JavaThread "Unknown thread" [_thread_in_vm, id=3004, stack(0x00000037d6500000,0x00000037d6600000)]

Stack: [0x00000037d6500000,0x00000037d6600000]
Native frames: (J=compiled Java code, j=interpreted, Vv=VM code, C=native code)
V  [jvm.dll+0x5db31a]
V  [jvm.dll+0x70c395]
V  [jvm.dll+0x70d8b8]
V  [jvm.dll+0x70df83]
V  [jvm.dll+0x23dbb8]
V  [jvm.dll+0x5d8a74]
V  [jvm.dll+0x5cdb05]
V  [jvm.dll+0x2fa5bb]
V  [jvm.dll+0x2fa52a]
V  [jvm.dll+0x2fa402]
V  [jvm.dll+0x2ff2c6]
V  [jvm.dll+0x347893]
V  [jvm.dll+0x347f96]
V  [jvm.dll+0x347993]
V  [jvm.dll+0x2d4e28]
V  [jvm.dll+0x2d5fd7]
V  [jvm.dll+0x6eb717]
V  [jvm.dll+0x6ecf0c]
V  [jvm.dll+0x354fb9]
V  [jvm.dll+0x6d35be]
V  [jvm.dll+0x3bd673]
V  [jvm.dll+0x3bf9f1]
C  [java.exe+0x3763]
C  [java.exe+0x17a0c]
C  [KERNEL32.DLL+0x17bd4]
C  [ntdll.dll+0x6ce51]


---------------  P R O C E S S  ---------------

Threads class SMR info:
_java_thread_list=0x0000019b794f8c40, length=0, elements={
}

Java Threads: ( => current thread )

Other Threads:
  0x0000019b7b5cb000 GCTaskThread "GC Thread#0" [stack: 0x00000037d6600000,0x00000037d6700000] [id=12812]
  0x0000019b7b627000 ConcurrentGCThread "G1 Main Marker" [stack: 0x00000037d6700000,0x00000037d6800000] [id=14120]
  0x0000019b7b629800 ConcurrentGCThread "G1 Conc#0" [stack: 0x00000037d6800000,0x00000037d6900000] [id=10516]

[error occurred during error reporting (printing all threads), id 0xc0000005, EXCEPTION_ACCESS_VIOLATION (0xc0000005) at pc=0x00007ffb01ec5727]

VM state:not at safepoint (not fully initialized)

VM Mutex/Monitor currently owned by a thread:  ([mutex/lock_event])
[0x0000019b7b5b4520] Heap_lock - owner thread: 0x0000019b7b5b6000

Heap address: 0x0000000701200000, size: 4078 MB, Compressed Oops mode: Non-zero based: 0x0000000701200000
Narrow klass base: 0x0000000000000000, Narrow klass shift: 0

GC Heap History (0 events):
No events

Deoptimization events (0 events):
No events

Classes redefined (0 events):
No events

Internal exceptions (0 events):
No events

Events (0 events):
No events


Dynamic libraries:
0x00007ff78b170000 - 0x00007ff78b1b7000 	D:\IntelliJ IDEA 2019.2.2\jbr\bin\java.exe
0x00007ffb3d360000 - 0x00007ffb3d550000 	C:\Windows\SYSTEM32\ntdll.dll
0x00007ffb3c0a0000 - 0x00007ffb3c152000 	C:\Windows\System32\KERNEL32.DLL
0x00007ffb3a2f0000 - 0x00007ffb3a593000 	C:\Windows\System32\KERNELBASE.dll
0x00007ffb3cde0000 - 0x00007ffb3ce83000 	C:\Windows\System32\ADVAPI32.DLL
0x00007ffb3cf10000 - 0x00007ffb3cfae000 	C:\Windows\System32\msvcrt.dll
0x00007ffb3c210000 - 0x00007ffb3c2a7000 	C:\Windows\System32\sechost.dll
0x00007ffb3b9c0000 - 0x00007ffb3bae0000 	C:\Windows\System32\RPCRT4.dll
0x00007ffb3cc40000 - 0x00007ffb3cdd4000 	C:\Windows\System32\USER32.dll
0x00007ffb3aa80000 - 0x00007ffb3aaa1000 	C:\Windows\System32\win32u.dll
0x00007ffb3baf0000 - 0x00007ffb3bb16000 	C:\Windows\System32\GDI32.dll
0x00007ffb3a8e0000 - 0x00007ffb3aa74000 	C:\Windows\System32\gdi32full.dll
0x00007ffb3a5a0000 - 0x00007ffb3a63e000 	C:\Windows\System32\msvcp_win.dll
0x00007ffb3ab90000 - 0x00007ffb3ac8a000 	C:\Windows\System32\ucrtbase.dll
0x00007ffb31710000 - 0x00007ffb31995000 	C:\Windows\WinSxS\amd64_microsoft.windows.common-controls_6595b64144ccf1df_6.0.18362.778_none_e6c6b761130d4fb8\COMCTL32.dll
0x00007ffb3b4a0000 - 0x00007ffb3b7d6000 	C:\Windows\System32\combase.dll
0x00007ffb3a640000 - 0x00007ffb3a6c0000 	C:\Windows\System32\bcryptPrimitives.dll
0x00007ffb3b410000 - 0x00007ffb3b43e000 	C:\Windows\System32\IMM32.DLL
0x00007ffb1ef70000 - 0x00007ffb1ef87000 	D:\IntelliJ IDEA 2019.2.2\jbr\bin\vcruntime140.dll
0x00007ffb0aea0000 - 0x00007ffb0af3d000 	D:\IntelliJ IDEA 2019.2.2\jbr\bin\msvcp140.dll
0x00007ffb01be0000 - 0x00007ffb02698000 	D:\IntelliJ IDEA 2019.2.2\jbr\bin\server\jvm.dll
0x00007ffb3bae0000 - 0x00007ffb3bae8000 	C:\Windows\System32\PSAPI.DLL
0x00007ffb2c9a0000 - 0x00007ffb2c9a9000 	C:\Windows\SYSTEM32\WSOCK32.dll
0x00007ffb3b950000 - 0x00007ffb3b9bf000 	C:\Windows\System32\WS2_32.dll
0x00007ffb37f00000 - 0x00007ffb37f24000 	C:\Windows\SYSTEM32\WINMM.dll
0x00007ffb33db0000 - 0x00007ffb33dba000 	C:\Windows\SYSTEM32\VERSION.dll
0x00007ffb37df0000 - 0x00007ffb37e1d000 	C:\Windows\SYSTEM32\WINMMBASE.dll
0x00007ffb3a890000 - 0x00007ffb3a8da000 	C:\Windows\System32\cfgmgr32.dll
0x00007ffb3a280000 - 0x00007ffb3a291000 	C:\Windows\System32\kernel.appcore.dll
0x00007ffb2ac80000 - 0x00007ffb2ac91000 	D:\IntelliJ IDEA 2019.2.2\jbr\bin\verify.dll
0x00007ffb28530000 - 0x00007ffb28724000 	C:\Windows\SYSTEM32\DBGHELP.DLL
0x00007ffb283a0000 - 0x00007ffb283ca000 	C:\Windows\SYSTEM32\dbgcore.DLL
0x00007ffb2abf0000 - 0x00007ffb2ac19000 	D:\IntelliJ IDEA 2019.2.2\jbr\bin\java.dll
0x00007ffb27e60000 - 0x00007ffb27e77000 	D:\IntelliJ IDEA 2019.2.2\jbr\bin\zip.dll
0x00007ffb2c040000 - 0x00007ffb2c04b000 	D:\IntelliJ IDEA 2019.2.2\jbr\bin\jimage.dll

dbghelp: loaded successfully - version: 4.0.5 - missing functions: none
symbol engine: initialized successfully - sym options: 0x614 - pdb path: .;D:\IntelliJ IDEA 2019.2.2\jbr\bin;C:\Windows\SYSTEM32;C:\Windows\WinSxS\amd64_microsoft.windows.common-controls_6595b64144ccf1df_6.0.18362.778_none_e6c6b761130d4fb8;D:\IntelliJ IDEA 2019.2.2\jbr\bin\server

VM Arguments:
java_command: org.jetbrains.git4idea.http.GitAskPassApp Username for 'https://gitee.com': 
java_class_path (initial): D:/IntelliJ IDEA 2019.2.2/plugins/git4idea/lib/git4idea-rt.jar;D:/IntelliJ IDEA 2019.2.2/lib/xmlrpc-2.0.1.jar;D:/IntelliJ IDEA 2019.2.2/lib/commons-codec-1.13.jar;D:/IntelliJ IDEA 2019.2.2/lib/util.jar
Launcher Type: SUN_STANDARD

[Global flags]
     intx CICompilerCount                          = 4                                         {product} {ergonomic}
     uint ConcGCThreads                            = 3                                         {product} {ergonomic}
     uint G1ConcRefinementThreads                  = 10                                        {product} {ergonomic}
   size_t G1HeapRegionSize                         = 1048576                                   {product} {ergonomic}
    uintx GCDrainStackTargetSize                   = 64                                        {product} {ergonomic}
   size_t InitialHeapSize                          = 268435456                                 {product} {ergonomic}
   size_t MarkStackSize                            = 4194304                                   {product} {ergonomic}
   size_t MaxHeapSize                              = 4276092928                                {product} {ergonomic}
   size_t MinHeapDeltaBytes                        = 1048576                                   {product} {ergonomic}
    uintx NonNMethodCodeHeapSize                   = 5835340                                {pd product} {ergonomic}
    uintx NonProfiledCodeHeapSize                  = 122911450                              {pd product} {ergonomic}
    uintx ProfiledCodeHeapSize                     = 122911450                              {pd product} {ergonomic}
    uintx ReservedCodeCacheSize                    = 251658240                              {pd product} {ergonomic}
     bool SegmentedCodeCache                       = true                                      {product} {ergonomic}
     bool UseCompressedClassPointers               = true                                 {lp64_product} {ergonomic}
     bool UseCompressedOops                        = true                                 {lp64_product} {ergonomic}
     bool UseG1GC                                  = true                                      {product} {ergonomic}
     bool UseLargePagesIndividualAllocation        = false                                  {pd product} {ergonomic}

Logging:
Log output configuration:
 #0: stdout all=warning uptime,level,tags
 #1: stderr all=off uptime,level,tags

Environment Variables:
CLASSPATH=C:\Program Files\Java\jdk1.8.0_191\lib
PATH=C:\Program Files\Git\mingw64/libexec/git-core;C:\Program Files\Git\mingw64\bin;C:\Program Files\Git\usr\bin;C:\Users\Administrator\bin;C:\Program Files\VanDyke Software\Clients\;C:\Program Files (x86)\Common Files\Oracle\Java\javapath;C:\Program Files (x86)\NVIDIA Corporation\PhysX\Common;C:\Windows\system32;C:\Windows;C:\Windows\System32\Wbem;C:\Windows\System32\WindowsPowerShell\v1.0\;C:\Windows\System32\OpenSSH\;C:\Program Files\Java\jdk1.8.0_191\bin;C:\Program Files\Git\cmd;C:\Program Files\nodejs\;C:\Users\Administrator\AppData\Local\Microsoft\WindowsApps;C:\Users\Administrator\AppData\Roaming\npm;C:\Users\Administrator\AppData\Local\Programs\Microsoft VS Code\bin
USERNAME=Administrator
DISPLAY=:0.0
OS=Windows_NT
PROCESSOR_IDENTIFIER=Intel64 Family 6 Model 45 Stepping 7, GenuineIntel



---------------  S Y S T E M  ---------------

OS: Windows 10 , 64 bit Build 18362 (10.0.18362.778)

CPU:total 12 (initial active 12) (6 cores per cpu, 2 threads per core) family 6 model 45 stepping 7, cmov, cx8, fxsr, mmx, sse, sse2, sse3, ssse3, sse4.1, sse4.2, popcnt, avx, aes, clmul, ht, tsc, tscinvbit, tscinv

Memory: 4k page, system-wide physical 16304M (5362M free)
TotalPageFile size 16304M (AvailPageFile size 21M)
current process WorkingSet (physical memory assigned to process): 10M, peak: 10M
current process commit charge ("private bytes"): 64M, peak: 320M

vm_info: OpenJDK 64-Bit Server VM (11.0.4+10-b304.69) for windows-amd64 JRE (11.0.4+10-b304.69), built on Sep  9 2019 11:39:50 by "" with MS VC++ 14.0 (VS2015)

END.
